<?xml version="1.0" encoding="UTF-8"?>
<testsuite xmlns:xsi="http://www.w3.org/2001/XMLSchema-instance" xsi:noNamespaceSchemaLocation="https://maven.apache.org/surefire/maven-surefire-plugin/xsd/surefire-test-report.xsd" version="3.0.2" name="TestSuite" time="1.808" tests="14" errors="0" skipped="0" failures="0">
  <properties>
[...]
</properties>
  <testcase name="testCreateBookInvalidData" classname="com.bookstore.api.tests.BookstoreApiTests" time="0.056">
    <system-err><![CDATA[SLF4J: Failed to load class "org.slf4j.impl.StaticLoggerBinder".
SLF4J: Defaulting to no-operation (NOP) logger implementation
SLF4J: See http://www.slf4j.org/codes.html#StaticLoggerBinder for further details.
Mar 04, 2026 6:07:38 AM com.bookstore.api.utils.ApiUtils <clinit>
INFO: Initialized base URL: http://localhost:8080
Mar 04, 2026 6:07:38 AM com.bookstore.api.utils.ApiUtils setBaseURI
INFO: Updated base URI to: http://localhost:64851
]]></system-err>
  </testcase>
  <testcase name="testCreateBookMalformedJson" classname="com.bookstore.api.tests.BookstoreApiTests" time="0.557"/>
  <testcase name="testCreateBookMissingAuthor" classname="com.bookstore.api.tests.BookstoreApiTests" time="0.048"/>
  <testcase name="testCreateBookMissingTitle" classname="com.bookstore.api.tests.BookstoreApiTests" time="0.016"/>
  <testcase name="testCreateBookZeroPrice" classname="com.bookstore.api.tests.BookstoreApiTests" time="0.016"/>
  <testcase name="testDeleteNonExistentBook" classname="com.bookstore.api.tests.BookstoreApiTests" time="0.014"/>
  <testcase name="testGetNonExistentBook" classname="com.bookstore.api.tests.BookstoreApiTests" time="0.011"/>
  <testcase name="testInvalidEndpoint" classname="com.bookstore.api.tests.BookstoreApiTests" time="0.009"/>
  <testcase name="testInvalidMethod" classname="com.bookstore.api.tests.BookstoreApiTests" time="0.013"/>
  <testcase name="testUpdateNonExistentBook" classname="com.bookstore.api.tests.BookstoreApiTests" time="0.009"/>
  <testcase name="testCreateBook" classname="com.bookstore.api.tests.BookstoreApiTests" time="0.025"/>
  <testcase name="testGetBook" classname="com.bookstore.api.tests.BookstoreApiTests" time="0.017"/>
  <testcase name="testUpdateBook" classname="com.bookstore.api.tests.BookstoreApiTests" time="0.015"/>
  <testcase name="testDeleteBook" classname="com.bookstore.api.tests.BookstoreApiTests" time="0.005"/>
</testsuite>