<?xml version="1.0" encoding="UTF-8"?>
<testng-results ignored="0" total="14" passed="14" failed="0" skipped="0">
  <reporter-output>
  </reporter-output>
  <suite started-at="2026-03-04T06:07:38 IST" name="Bookstore API Test Suite" finished-at="2026-03-04T06:07:39 IST" duration-ms="1532">
    <groups>
    </groups>
    <test started-at="2026-03-04T06:07:38 IST" name="API Tests" finished-at="2026-03-04T06:07:39 IST" duration-ms="1532">
      <class name="com.bookstore.api.tests.BookstoreApiTests">
        <test-method is-config="true" signature="setup()[pri:0, instance:com.bookstore.api.tests.BookstoreApiTests@59505b48]" started-at="2026-03-04T06:07:38 IST" name="setup" finished-at="2026-03-04T06:07:38 IST" duration-ms="691" status="PASS">
          <reporter-output>
          </reporter-output>
        </test-method> <!-- setup -->
        <test-method signature="testCreateBookInvalidData()[pri:0, instance:com.bookstore.api.tests.BookstoreApiTests@59505b48]" started-at="2026-03-04T06:07:38 IST" name="testCreateBookInvalidData" finished-at="2026-03-04T06:07:38 IST" duration-ms="9" status="PASS">
          <reporter-output>
          </reporter-output>
        </test-method> <!-- testCreateBookInvalidData -->
        <test-method signature="testCreateBookMalformedJson()[pri:0, instance:com.bookstore.api.tests.BookstoreApiTests@59505b48]" started-at="2026-03-04T06:07:38 IST" name="testCreateBookMalformedJson" finished-at="2026-03-04T06:07:39 IST" duration-ms="557" status="PASS">
          <reporter-output>
          </reporter-output>
        </test-method> <!-- testCreateBookMalformedJson -->
        <test-method signature="testCreateBookMissingAuthor()[pri:0, instance:com.bookstore.api.tests.BookstoreApiTests@59505b48]" started-at="2026-03-04T06:07:39 IST" name="testCreateBookMissingAuthor" finished-at="2026-03-04T06:07:39 IST" duration-ms="46" status="PASS">
          <reporter-output>
          </reporter-output>
        </test-method> <!-- testCreateBookMissingAuthor -->
        <test-method signature="testCreateBookMissingTitle()[pri:0, instance:com.bookstore.api.tests.BookstoreApiTests@59505b48]" started-at="2026-03-04T06:07:39 IST" name="testCreateBookMissingTitle" finished-at="2026-03-04T06:07:39 IST" duration-ms="13" status="PASS">
          <reporter-output>
          </reporter-output>
        </test-method> <!-- testCreateBookMissingTitle -->
        <test-method signature="testCreateBookZeroPrice()[pri:0, instance:com.bookstore.api.tests.BookstoreApiTests@59505b48]" started-at="2026-03-04T06:07:39 IST" name="testCreateBookZeroPrice" finished-at="2026-03-04T06:07:39 IST" duration-ms="16" status="PASS">
          <reporter-output>
          </reporter-output>
        </test-method> <!-- testCreateBookZeroPrice -->
        <test-method signature="testDeleteNonExistentBook()[pri:0, instance:com.bookstore.api.tests.BookstoreApiTests@59505b48]" started-at="2026-03-04T06:07:39 IST" name="testDeleteNonExistentBook" finished-at="2026-03-04T06:07:39 IST" duration-ms="13" status="PASS">
          <reporter-output>
          </reporter-output>
        </test-method> <!-- testDeleteNonExistentBook -->
        <test-method signature="testGetNonExistentBook()[pri:0, instance:com.bookstore.api.tests.BookstoreApiTests@59505b48]" started-at="2026-03-04T06:07:39 IST" name="testGetNonExistentBook" finished-at="2026-03-04T06:07:39 IST" duration-ms="11" status="PASS">
          <reporter-output>
          </reporter-output>
        </test-method> <!-- testGetNonExistentBook -->
        <test-method signature="testInvalidEndpoint()[pri:0, instance:com.bookstore.api.tests.BookstoreApiTests@59505b48]" started-at="2026-03-04T06:07:39 IST" name="testInvalidEndpoint" finished-at="2026-03-04T06:07:39 IST" duration-ms="8" status="PASS">
          <reporter-output>
          </reporter-output>
        </test-method> <!-- testInvalidEndpoint -->
        <test-method signature="testInvalidMethod()[pri:0, instance:com.bookstore.api.tests.BookstoreApiTests@59505b48]" started-at="2026-03-04T06:07:39 IST" name="testInvalidMethod" finished-at="2026-03-04T06:07:39 IST" duration-ms="13" status="PASS">
          <reporter-output>
          </reporter-output>
        </test-method> <!-- testInvalidMethod -->
        <test-method signature="testUpdateNonExistentBook()[pri:0, instance:com.bookstore.api.tests.BookstoreApiTests@59505b48]" started-at="2026-03-04T06:07:39 IST" name="testUpdateNonExistentBook" finished-at="2026-03-04T06:07:39 IST" duration-ms="9" status="PASS">
          <reporter-output>
          </reporter-output>
        </test-method> <!-- testUpdateNonExistentBook -->
        <test-method signature="testCreateBook()[pri:1, instance:com.bookstore.api.tests.BookstoreApiTests@59505b48]" started-at="2026-03-04T06:07:39 IST" name="testCreateBook" finished-at="2026-03-04T06:07:39 IST" duration-ms="25" status="PASS">
          <reporter-output>
          </reporter-output>
        </test-method> <!-- testCreateBook -->
        <test-method signature="testGetBook()[pri:2, instance:com.bookstore.api.tests.BookstoreApiTests@59505b48]" started-at="2026-03-04T06:07:39 IST" name="testGetBook" finished-at="2026-03-04T06:07:39 IST" depends-on-methods="com.bookstore.api.tests.BookstoreApiTests.testCreateBook" duration-ms="17" status="PASS">
          <reporter-output>
          </reporter-output>
        </test-method> <!-- testGetBook -->
        <test-method signature="testUpdateBook()[pri:3, instance:com.bookstore.api.tests.BookstoreApiTests@59505b48]" started-at="2026-03-04T06:07:39 IST" name="testUpdateBook" finished-at="2026-03-04T06:07:39 IST" depends-on-methods="com.bookstore.api.tests.BookstoreApiTests.testCreateBook" duration-ms="15" status="PASS">
          <reporter-output>
          </reporter-output>
        </test-method> <!-- testUpdateBook -->
        <test-method signature="testDeleteBook()[pri:4, instance:com.bookstore.api.tests.BookstoreApiTests@59505b48]" started-at="2026-03-04T06:07:39 IST" name="testDeleteBook" finished-at="2026-03-04T06:07:39 IST" depends-on-methods="com.bookstore.api.tests.BookstoreApiTests.testCreateBook" duration-ms="5" status="PASS">
          <reporter-output>
          </reporter-output>
        </test-method> <!-- testDeleteBook -->
        <test-method is-config="true" signature="tearDown()[pri:0, instance:com.bookstore.api.tests.BookstoreApiTests@59505b48]" started-at="2026-03-04T06:07:39 IST" name="tearDown" finished-at="2026-03-04T06:07:39 IST" duration-ms="4" status="PASS">
          <reporter-output>
          </reporter-output>
        </test-method> <!-- tearDown -->
      </class> <!-- com.bookstore.api.tests.BookstoreApiTests -->
    </test> <!-- API Tests -->
  </suite> <!-- Bookstore API Test Suite -->
</testng-results>
