<?xml version="1.0" encoding="UTF-8"?>
<!-- Generated by org.testng.reporters.JUnitReportReporter -->
<testsuite hostname="Akashs-MacBook-Air.local" failures="0" tests="14" name="com.bookstore.api.tests.BookstoreApiTests" time="0.757" errors="0" timestamp="2026-03-04T06:07:39 IST" skipped="0">
  <testcase classname="com.bookstore.api.tests.BookstoreApiTests" name="testInvalidMethod" time="0.013"/>
  <testcase classname="com.bookstore.api.tests.BookstoreApiTests" name="testCreateBookMissingTitle" time="0.013"/>
  <testcase classname="com.bookstore.api.tests.BookstoreApiTests" name="testDeleteNonExistentBook" time="0.013"/>
  <testcase classname="com.bookstore.api.tests.BookstoreApiTests" name="testCreateBookInvalidData" time="0.009"/>
  <testcase classname="com.bookstore.api.tests.BookstoreApiTests" name="testGetNonExistentBook" time="0.011"/>
  <testcase classname="com.bookstore.api.tests.BookstoreApiTests" name="testCreateBookZeroPrice" time="0.016"/>
  <testcase classname="com.bookstore.api.tests.BookstoreApiTests" name="testInvalidEndpoint" time="0.008"/>
  <testcase classname="com.bookstore.api.tests.BookstoreApiTests" name="testCreateBookMissingAuthor" time="0.046"/>
  <testcase classname="com.bookstore.api.tests.BookstoreApiTests" name="testCreateBookMalformedJson" time="0.557"/>
  <testcase classname="com.bookstore.api.tests.BookstoreApiTests" name="testUpdateNonExistentBook" time="0.009"/>
  <testcase classname="com.bookstore.api.tests.BookstoreApiTests" name="testCreateBook" time="0.025"/>
  <testcase classname="com.bookstore.api.tests.BookstoreApiTests" name="testGetBook" time="0.017"/>
  <testcase classname="com.bookstore.api.tests.BookstoreApiTests" name="testUpdateBook" time="0.015"/>
  <testcase classname="com.bookstore.api.tests.BookstoreApiTests" name="testDeleteBook" time="0.005"/>
</testsuite> <!-- com.bookstore.api.tests.BookstoreApiTests -->
